C:\DOCUMENTS AND SETTINGS\DEV\DESKTOP\IDEV\IOS-INSTALL-WIN32\DEBUG\INSTALL.EXE
C:\DOCUMENTS AND SETTINGS\DEV\DESKTOP\IDEV\IOS-INSTALL-WIN32\DEBUG\INSTALL.ILK
C:\DOCUMENTS AND SETTINGS\DEV\DESKTOP\IDEV\IOS-INSTALL-WIN32\DEBUG\INSTALL.PDB
C:\Documents and Settings\dev\Desktop\idev\ios-install-win32\install\Debug\cl.command.1.tlog
C:\Documents and Settings\dev\Desktop\idev\ios-install-win32\install\Debug\CL.read.1.tlog
C:\Documents and Settings\dev\Desktop\idev\ios-install-win32\install\Debug\CL.write.1.tlog
C:\DOCUMENTS AND SETTINGS\DEV\DESKTOP\IDEV\IOS-INSTALL-WIN32\INSTALL\DEBUG\INSTALL.OBJ
C:\DOCUMENTS AND SETTINGS\DEV\DESKTOP\IDEV\IOS-INSTALL-WIN32\INSTALL\DEBUG\INSTALL.PCH
C:\DOCUMENTS AND SETTINGS\DEV\DESKTOP\IDEV\IOS-INSTALL-WIN32\INSTALL\DEBUG\INSTALL.RES
C:\DOCUMENTS AND SETTINGS\DEV\DESKTOP\IDEV\IOS-INSTALL-WIN32\INSTALL\DEBUG\INSTALLDLG.OBJ
C:\Documents and Settings\dev\Desktop\idev\ios-install-win32\install\Debug\link.command.1.tlog
C:\Documents and Settings\dev\Desktop\idev\ios-install-win32\install\Debug\link.read.1.tlog
C:\Documents and Settings\dev\Desktop\idev\ios-install-win32\install\Debug\link.write.1.tlog
C:\Documents and Settings\dev\Desktop\idev\ios-install-win32\install\Debug\link-cvtres.read.1.tlog
C:\Documents and Settings\dev\Desktop\idev\ios-install-win32\install\Debug\link-cvtres.write.1.tlog
C:\Documents and Settings\dev\Desktop\idev\ios-install-win32\install\Debug\rc.command.1.tlog
C:\Documents and Settings\dev\Desktop\idev\ios-install-win32\install\Debug\rc.read.1.tlog
C:\Documents and Settings\dev\Desktop\idev\ios-install-win32\install\Debug\rc.write.1.tlog
C:\DOCUMENTS AND SETTINGS\DEV\DESKTOP\IDEV\IOS-INSTALL-WIN32\INSTALL\DEBUG\STDAFX.OBJ
C:\Documents and Settings\dev\Desktop\idev\ios-install-win32\install\Debug\vc100.idb
C:\DOCUMENTS AND SETTINGS\DEV\DESKTOP\IDEV\IOS-INSTALL-WIN32\INSTALL\DEBUG\VC100.PDB
